/hindi/india-50124963
/hindi/india-50121533
/hindi/india-50115946
/hindi/india-50119460
/hindi/india-50120233
/hindi/india-50115940
/hindi/india-50109964
/hindi/india-50116178
/hindi/india-50114590
/hindi/india-50113825
/hindi/india-50113017
/hindi/india-50112597
/hindi/india-50113818
/hindi/india-50110744
/hindi/india-50100400
/hindi/india-50107218
/hindi/india-50106709
/hindi/india-50083314
/hindi/india-50106483
/hindi/india-50106703
/hindi/international-50112865
/hindi/india-50086650
/hindi/india-50109964
/hindi/india-50113825
/hindi/sport-50110303
/hindi/sport-50109022
/hindi/sport-50103111
/hindi/sport-50094500
/hindi/sport-50076122
/hindi/sport-50046823
/hindi/sport-50037203
/hindi/sport-50033280
/hindi/sport-50013921
/hindi/sport-49996944
/hindi/sport-49945201
/hindi/sport-49950024
/hindi/india-49943794
/hindi/sport-49945421
/hindi/sport-49921409
/hindi/sport-49884728
/hindi/sport-49873303
/hindi/sport-49867987
/hindi/sport-49842744
/hindi/sport-49804324
/hindi/international-50112865
/hindi/india-50086650
/hindi/india-50109964
/hindi/india-50113825
/hindi/science-50097238
/hindi/science-50076123
/hindi/science-50076639
/hindi/science-49996470
/hindi/science-49987887
/hindi/science-49980438
/hindi/science-49973541
/hindi/science-49952632
/hindi/science-49894160
/hindi/science-49908238
/hindi/science-49879417
/hindi/science-49864631
/hindi/science-49848164
/hindi/science-49827506
/hindi/science-49748100
/hindi/science-49763960
/hindi/science-49701260
/hindi/science-49685123
/hindi/science-49671440
/hindi/science-49631056
/hindi/international-50112865
/hindi/india-50086650
/hindi/india-50109964
/hindi/india-50113825
/hindi/entertainment-50121263
/hindi/entertainment-50112090
/hindi/entertainment-50057969
/hindi/entertainment-50017205
/hindi/entertainment-50001935
/hindi/entertainment-49905096
/hindi/entertainment-49890329
/hindi/entertainment-49892429
/hindi/entertainment-49875967
/hindi/entertainment-49874477
/hindi/entertainment-49807635
/hindi/entertainment-49821268
/hindi/entertainment-49811217
/hindi/entertainment-49810675
/hindi/entertainment-49753931
/hindi/entertainment-49751050
/hindi/entertainment-49699142
/hindi/entertainment-49678386
/hindi/entertainment-49684877
/hindi/entertainment-49603266
/hindi/international-50112865
/hindi/india-50086650
/hindi/india-50109964
/hindi/india-50113825
/hindi/international-50115914
/hindi/international-50119389
/hindi/international-50122059
/hindi/international-50120006
/hindi/international-50083750
/hindi/international-50116579
/hindi/international-50112865
/hindi/international-50110297
/hindi/international-50115828
/hindi/international-50113945
/hindi/international-50108911
/hindi/international-50112558
/hindi/international-50098002
/hindi/international-50104206
/hindi/international-50102274
/hindi/international-50083254
/hindi/international-50097941
/hindi/international-50093652
/hindi/international-50088598
/hindi/international-50091410
/hindi/international-50112865
/hindi/india-50086650
/hindi/india-50109964
/hindi/india-50113825
/hindi/social-50079406
/hindi/social-50041810
/hindi/social-50038927
/hindi/social-50018799
/hindi/social-49994543
/hindi/social-49981941
/hindi/social-49912730
/hindi/social-49873991
/hindi/social-49859139
/hindi/social-49832065
/hindi/social-49823425
/hindi/social-49792817
/hindi/social-49781910
/hindi/social-49777602
/hindi/social-49718488
/hindi/social-49713807
/hindi/social-49700106
/hindi/social-49633216
/hindi/social-49620128
/hindi/social-49578090
/hindi/international-50112865
/hindi/india-50086650
/hindi/india-50109964
/hindi/india-50113825
Response https://www.bbc.com/hindi/india-50124963
india-50124963
Url is /hindi/india-49338797
New Url
Url is /hindi/india-49457323
New Url
Url is /hindi/india-49445315
New Url
Url is /hindi/india-49428540
New Url
Url is /hindi/india-49430826
New Url
Response https://www.bbc.com/hindi/india-50106483
india-50106483
Url is /hindi/india-50078347
New Url
Url is /hindi/india-49428540
New Url
Url is /hindi/india-49416840
New Url
Response https://www.bbc.com/hindi/india-50107218
india-50107218
Url is /hindi/india-50069225
New Url
Url is /hindi/india-46400717
New Url
Url is /hindi/media-50098808
New Url
Url is /hindi/india-44959710
New Url
Response https://www.bbc.com/hindi/india-50083314
india-50083314
Url is /hindi/india-49609387
New Url
Url is /hindi/india-49559771
New Url
Response https://www.bbc.com/hindi/india-50086650
india-50086650
Url is /hindi/india-50047909
New Url
Url is /hindi/india-50042819
New Url
Url is /hindi/india-49881212
New Url
Url is /hindi/india-49986917
New Url
Url is /hindi/india-49951629
New Url
Response https://www.bbc.com/hindi/india-50106709
india-50106709
Url is /hindi/international-38766720
New Url
Url is /hindi/media-46033643
New Url
Url is /hindi/international-45298059
New Url
Response https://www.bbc.com/hindi/india-50110744
india-50110744
Url is /hindi/india-50047379
New Url
Url is /hindi/india-50107218
New Url
Response https://www.bbc.com/hindi/india-50112597
india-50112597
Url is /hindi/india-50083314
New Url
Url is /hindi/india-50097728
New Url
Url is /hindi/india-50062669
New Url
Response https://www.bbc.com/hindi/india-50113818
india-50113818
Response https://www.bbc.com/hindi/india-50113017
india-50113017
Url is /hindi/india-50097728
New Url
Url is /hindi/india-49879215
New Url
Response https://www.bbc.com/hindi/india-50113825
india-50113825
Url is /hindi/india-50043881
New Url
Url is /hindi/india-50044609
New Url
Response https://www.bbc.com/hindi/india-50114590
india-50114590
Url is /hindi/vert-tra-49410453
New Url
Url is /hindi/india-49622109
New Url
Response https://www.bbc.com/hindi/india-50116178
india-50116178
Url is /hindi/sport-49444679
New Url
Url is /hindi/sport-50013921
New Url
Response https://www.bbc.com/hindi/india-50109964
india-50109964
Url is /hindi/india-49817396
New Url
Url is /hindi/india-49921469
New Url
Response https://www.bbc.com/hindi/india-50115940
india-50115940
Url is /hindi/india-50106703
New Url
Url is /hindi/india-50086650
New Url
Response https://www.bbc.com/hindi/india-50120233
india-50120233
Response https://www.bbc.com/hindi/india-50100400
india-50100400
Url is /hindi/india-49909163
New Url
Url is /hindi/india-49888973
New Url
Url is /hindi/india-49830046
New Url
Response https://www.bbc.com/hindi/international-50112865
international-50112865
Url is /hindi/international-50088598
New Url
Url is /hindi/india-49915680
New Url
Url is /hindi/international-49059490
New Url
Response https://www.bbc.com/hindi/india-50106703
india-50106703
Response https://www.bbc.com/hindi/india-50119460
india-50119460
Url is /hindi/india-50114590
New Url
Url is /hindi/international-50112865
New Url
Url is /hindi/india-50109964
New Url
Response https://www.bbc.com/hindi/sport-49804324
sport-49804324
Url is /hindi/social-48948293
New Url
Url is /hindi/sport-48362712
New Url
Url is /hindi/india-48752514
New Url
Response https://www.bbc.com/hindi/science-49631056
science-49631056
Url is /hindi/science-49604183
New Url
Url is /hindi/science-49593410
New Url
Url is /hindi/science-49603651
New Url
Response https://www.bbc.com/hindi/social-49578090
social-49578090
Url is /hindi/india-49536038
New Url
Url is /hindi/india-49202642
New Url
Url is /hindi/india-49497187
New Url
Response https://www.bbc.com/hindi/social-49620128
social-49620128
Url is /hindi/india-49619704
New Url
Url is /hindi/media-49620084
New Url
Url is /hindi/india-49615868
New Url
Url is /hindi/india-49618758
New Url
Url is /hindi/international-49618704
New Url
Response https://www.bbc.com/hindi/social-49713807
social-49713807
Response https://www.bbc.com/hindi/social-49633216
social-49633216
Url is /hindi/international-48927197
New Url
Url is /hindi/international-47038239
New Url
Url is /hindi/international-45784932
New Url
Response https://www.bbc.com/hindi/social-49718488
social-49718488
Url is /hindi/entertainment-49678386
New Url
Url is /hindi/vert-aut-49675143
New Url
Url is /hindi/india-49526469
New Url
Response https://www.bbc.com/hindi/social-49777602
social-49777602
Url is /hindi/india-49700099
New Url
Url is /hindi/entertainment-49061316
New Url
Response https://www.bbc.com/hindi/social-49781910
social-49781910
Url is /hindi/india-45351426
New Url
Url is /hindi/entertainment-37366865
New Url
Url is /hindi/india-49315327
New Url
Response https://www.bbc.com/hindi/social-49792817
social-49792817
Url is /hindi/india-49783355
New Url
Url is /hindi/india-49788127
New Url
Url is /hindi/india-49774517
New Url
Response https://www.bbc.com/hindi/social-49832065
social-49832065
Url is /hindi/india-48255862
New Url
Url is /hindi/india-49266085
New Url
Url is /hindi/india-48544053
New Url
Url is /hindi/india-47130868
New Url
Url is /hindi/india-48477308
New Url
Url is /hindi/india-48198676
New Url
Url is /hindi/international-48049517
New Url
Url is /hindi/india-48992781
New Url
Response https://www.bbc.com/hindi/social-49823425
social-49823425
Url is /hindi/international-49796937
New Url
Url is /hindi/international-49792202
New Url
Url is /hindi/international-49477947
New Url
Response https://www.bbc.com/hindi/social-49859139
social-49859139
Url is /hindi/international-49855909
New Url
Url is /hindi/international-49857595
New Url
Response https://www.bbc.com/hindi/social-49873991
social-49873991
Url is /hindi/social-49781910
New Url
Url is /hindi/social-49777602
New Url
Url is /hindi/social-49368062
New Url
Response https://www.bbc.com/hindi/social-49912730
social-49912730
Url is /hindi/india-48330283
New Url
Url is /hindi/india-49901527
New Url
Response https://www.bbc.com/hindi/social-49981941
social-49981941
Response https://www.bbc.com/hindi/social-50079406
social-50079406
Url is /hindi/india-40837528
New Url
Url is /hindi/entertainment-38445178
New Url
Response https://www.bbc.com/hindi/social-50041810
social-50041810
Url is /hindi/india-50028751
New Url
Url is /hindi/india-49972183
New Url
Url is /hindi/international-49967326
New Url
Response https://www.bbc.com/hindi/social-49994543
social-49994543
Response https://www.bbc.com/hindi/social-50038927
social-50038927
Url is /hindi/international-50010000
New Url
Url is /hindi/international-49686878
New Url
Response https://www.bbc.com/hindi/social-49700106
social-49700106
Url is /hindi/india-48463369
New Url
Url is /hindi/india-48516705
New Url
Url is /hindi/india-48659033
New Url
Response https://www.bbc.com/hindi/social-50018799
social-50018799
Url is /hindi/social-46134036
New Url
Url is /hindi/sport-45966241
New Url
Url is /hindi/sport-45887906
New Url
Response https://www.bbc.com/hindi/international-50091410
international-50091410
Url is /hindi/international-50002286
New Url
Url is /hindi/international-49949747
New Url
Url is /hindi/international-50030539
New Url
Response https://www.bbc.com/hindi/international-50088598
international-50088598
Url is /hindi/international-49957758
New Url
Url is /hindi/international-49059490
New Url
Response https://www.bbc.com/hindi/international-50093652
international-50093652
Url is /hindi/international-50091410
New Url
Url is /hindi/international-50076192
New Url
Response https://www.bbc.com/hindi/international-50097941
international-50097941
Url is /hindi/india-48728304
New Url
Url is /hindi/media-50069175
New Url
Response https://www.bbc.com/hindi/international-50102274
international-50102274
Url is /hindi/media-49731441
New Url
Url is /hindi/international-49635066
New Url
Response https://www.bbc.com/hindi/international-50083254
international-50083254
Url is /hindi/media-50004429
New Url
Url is /hindi/media-50086000
New Url
Url is /hindi/international-50048971
New Url
Response https://www.bbc.com/hindi/international-50104206
international-50104206
Url is /hindi/media-48857861
New Url
Url is /hindi/international-46865984
New Url
Url is /hindi/international-49723727
New Url
Response https://www.bbc.com/hindi/international-50112558
international-50112558
Url is /hindi/international-50091410
New Url
Url is /hindi/international-50002286
New Url
Url is /hindi/international-49949747
New Url
Response https://www.bbc.com/hindi/international-50098002
international-50098002
Url is /hindi/international-50088598
New Url
Url is /hindi/international-50083760
New Url
Response https://www.bbc.com/hindi/international-50108911
international-50108911
Url is /hindi/international-38325150
New Url
Url is /hindi/magazine-50101234
New Url
Response https://www.bbc.com/hindi/international-50113945
international-50113945
Url is /hindi/international-50093652
New Url
Url is /hindi/international-49953178
New Url
Url is /hindi/international-49818555
New Url
Response https://www.bbc.com/hindi/international-50115828
international-50115828
Url is /hindi/international-49509421
New Url
Url is /hindi/india-49646489
New Url
Response https://www.bbc.com/hindi/international-50116579
international-50116579
Url is /hindi/international-50108911
New Url
Url is /hindi/international-38546051
New Url
Response https://www.bbc.com/hindi/international-50110297
international-50110297
Response https://www.bbc.com/hindi/international-50120006
international-50120006
Url is /hindi/international-49143054
New Url
Url is /hindi/vert-cap-48187416
New Url
Url is /hindi/international-47685347
New Url
Response https://www.bbc.com/hindi/international-50119389
international-50119389
Url is /hindi/international-50037487
New Url
Url is /hindi/international-50083760
New Url
Url is /hindi/international-49629777
New Url
Response https://www.bbc.com/hindi/international-50122059
international-50122059
Response https://www.bbc.com/hindi/international-50083750
international-50083750
Url is /hindi/international-50035634
New Url
Url is /hindi/india-49587814
New Url
Url is /hindi/international-49455139
New Url
Response https://www.bbc.com/hindi/international-50115914
international-50115914
Response https://www.bbc.com/hindi/entertainment-49678386
entertainment-49678386
Url is /hindi/entertainment-42297781
New Url
Url is /hindi/entertainment-41452803
New Url
Url is /hindi/social-38646554
New Url
Response https://www.bbc.com/hindi/entertainment-49684877
entertainment-49684877
Url is /hindi/entertainment-49603266
New Url
Url is /hindi/entertainment-49590330
New Url
Response https://www.bbc.com/hindi/entertainment-49603266
entertainment-49603266
Url is /hindi/entertainment-49590330
New Url
Url is /hindi/entertainment-49524660
New Url
Url is /hindi/entertainment-49493476
New Url
Response https://www.bbc.com/hindi/entertainment-49699142
entertainment-49699142
Url is /hindi/entertainment-48881967
New Url
Url is /hindi/entertainment-47837424
New Url
Url is /hindi/entertainment-47451937
New Url
Response https://www.bbc.com/hindi/entertainment-49751050
entertainment-49751050
Url is /hindi/india-41092337
New Url
Url is /hindi/india-44872998
New Url
Response https://www.bbc.com/hindi/entertainment-49753931
entertainment-49753931
Url is /hindi/entertainment-49342952
New Url
Url is /hindi/entertainment-49751050
New Url
Url is /hindi/entertainment-49070792
New Url
Url is /hindi/entertainment-49292041
New Url
Response https://www.bbc.com/hindi/entertainment-49810675
entertainment-49810675
Url is /hindi/entertainment-47196456
New Url
Url is /hindi/entertainment-47934151
New Url
Response https://www.bbc.com/hindi/entertainment-49811217
entertainment-49811217
Response https://www.bbc.com/hindi/entertainment-49821268
entertainment-49821268
Url is /hindi/entertainment-49811217
New Url
Url is /hindi/entertainment-46932193
New Url
Response https://www.bbc.com/hindi/entertainment-49874477
entertainment-49874477
Response https://www.bbc.com/hindi/entertainment-49875967
entertainment-49875967
Url is /hindi/entertainment-49874477
New Url
Url is /hindi/entertainment-49807635
New Url
Url is /hindi/entertainment-49821268
New Url
Response https://www.bbc.com/hindi/entertainment-49807635
entertainment-49807635
Url is /hindi/entertainment-38811127
New Url
Url is /hindi/india-39483093
New Url
Url is /hindi/entertainment-48581977
New Url
Response https://www.bbc.com/hindi/entertainment-49892429
entertainment-49892429
Url is /hindi/india-40464532
New Url
Url is /hindi/entertainment-44696443
New Url
Url is /hindi/entertainment-46927820
New Url
Response https://www.bbc.com/hindi/entertainment-49905096
entertainment-49905096
Url is /hindi/india-38434688
New Url
Url is /hindi/media-42370218
New Url
Response https://www.bbc.com/hindi/entertainment-49890329
entertainment-49890329
Response https://www.bbc.com/hindi/entertainment-50001935
entertainment-50001935
Url is /hindi/entertainment-49821268
New Url
Url is /hindi/entertainment-45822350
New Url
Response https://www.bbc.com/hindi/entertainment-50112090
entertainment-50112090
Url is /hindi/india-50028751
New Url
Url is /hindi/india-50032206
New Url
Url is /hindi/entertainment-49892429
New Url
Url is /hindi/india-50030530
New Url
Response https://www.bbc.com/hindi/entertainment-50057969
entertainment-50057969
Response https://www.bbc.com/hindi/entertainment-50017205
entertainment-50017205
Response https://www.bbc.com/hindi/science-49671440
science-49671440
Url is /hindi/science-49601111
New Url
Url is /hindi/science-49603651
New Url
Url is /hindi/science-49315734
New Url
Response https://www.bbc.com/hindi/entertainment-50121263
entertainment-50121263
Response https://www.bbc.com/hindi/science-49701260
science-49701260
Url is /hindi/science-49662814
New Url
Url is /hindi/science-49658201
New Url
Url is /hindi/science-46754335
New Url
Response https://www.bbc.com/hindi/science-49685123
science-49685123
Url is /hindi/science-49671440
New Url
Url is /hindi/science-49631056
New Url
Url is /hindi/science-49659036
New Url
Response https://www.bbc.com/hindi/science-49763960
science-49763960
Url is /hindi/science-45220005
New Url
Url is /hindi/media-45372184
New Url
Response https://www.bbc.com/hindi/science-49748100
science-49748100
Response https://www.bbc.com/hindi/science-49827506
science-49827506
Url is /hindi/international-49807891
New Url
Url is /hindi/international-49810365
New Url
Url is /hindi/international-49806532
New Url
Response https://www.bbc.com/hindi/science-49864631
science-49864631
Url is /hindi/science-49603651
New Url
Url is /hindi/science-49609473
New Url
Url is /hindi/science-49763960
New Url
Url is /hindi/science-49848164
New Url
Response https://www.bbc.com/hindi/science-49848164
science-49848164
Url is /hindi/science-49637079
New Url
Url is /hindi/international-49618704
New Url
Url is /hindi/india-49631689
New Url
Response https://www.bbc.com/hindi/science-49894160
science-49894160
Url is /hindi/science-49864631
New Url
Url is /hindi/science-49848164
New Url
Url is /hindi/science-49701260
New Url
Url is /hindi/science-49748100
New Url
Url is /hindi/science-49827506
New Url
Response https://www.bbc.com/hindi/science-49908238
science-49908238
Url is /hindi/india-39628849
New Url
Url is /hindi/india-38748036
New Url
Url is /hindi/science-49017581
New Url
Response https://www.bbc.com/hindi/science-49952632
science-49952632
Response https://www.bbc.com/hindi/science-49973541
science-49973541
Url is /hindi/india-45755431
New Url
Url is /hindi/international-45159096
New Url
Response https://www.bbc.com/hindi/science-49879417
science-49879417
Url is /hindi/vert-fut-47774102
New Url
Url is /hindi/vert-cap-46315725
New Url
Url is /hindi/vert-fut-47304295
New Url
Response https://www.bbc.com/hindi/science-49987887
science-49987887
Url is /hindi/science-49973541
New Url
Url is /hindi/international-45759596
New Url
Response https://www.bbc.com/hindi/science-49980438
science-49980438
Response https://www.bbc.com/hindi/science-49996470
science-49996470
Url is /hindi/india-49319115
New Url
Url is /hindi/india-45898083
New Url
Url is /hindi/india-40678854
New Url
Url is /hindi/india-49320989
New Url
Url is /hindi/india-49597198
New Url
Url is /hindi/india-49316149
New Url
Response https://www.bbc.com/hindi/sport-49842744
sport-49842744
Url is /hindi/sport-49709327
New Url
Url is /hindi/sport-49677897
New Url
Response https://www.bbc.com/hindi/science-50076123
science-50076123
Url is /hindi/science-49848164
New Url
Url is /hindi/media-49649570
New Url
Response https://www.bbc.com/hindi/science-50076639
science-50076639
Url is /hindi/vert-tra-48656976
New Url
Url is /hindi/science-45260913
New Url
Url is /hindi/vert-tra-47190822
New Url
Response https://www.bbc.com/hindi/science-50097238
science-50097238
Url is /hindi/vert-fut-45786712
New Url
Url is /hindi/vert-fut-45536662
New Url
Url is /hindi/science-39912211
New Url
Response https://www.bbc.com/hindi/sport-49873303
sport-49873303
Url is /hindi/sport-49867987
New Url
Url is /hindi/sport-49842744
New Url
Response https://www.bbc.com/hindi/sport-49867987
sport-49867987
Url is /hindi/sport-49810359
New Url
Url is /hindi/sport-49804324
New Url
Response https://www.bbc.com/hindi/sport-49884728
sport-49884728
Url is /hindi/sport-49867987
New Url
Url is /hindi/sport-49804324
New Url
Response https://www.bbc.com/hindi/sport-49945421
sport-49945421
Response https://www.bbc.com/hindi/sport-49921409
sport-49921409
Url is /hindi/sport-49842744
New Url
Url is /hindi/sport-49873303
New Url
Response https://www.bbc.com/hindi/india-49943794
india-49943794
Url is /hindi/sport-46835177
New Url
Url is /hindi/sport-46822659
New Url
Response https://www.bbc.com/hindi/sport-49950024
sport-49950024
Url is /hindi/sport-49921409
New Url
Url is /hindi/sport-49945421
New Url
Response https://www.bbc.com/hindi/sport-49945201
sport-49945201
Url is /hindi/entertainment-49892429
New Url
Url is /hindi/sport-49466478
New Url
Url is /hindi/sport-49503940
New Url
Response https://www.bbc.com/hindi/sport-49996944
sport-49996944
Url is /hindi/sport-49945201
New Url
Url is /hindi/sport-46407552
New Url
Url is /hindi/sport-46328834
New Url
Response https://www.bbc.com/hindi/sport-50033280
sport-50033280
Url is /hindi/sport-49945421
New Url
Url is /hindi/sport-49950024
New Url
Url is /hindi/sport-49842744
New Url
Response https://www.bbc.com/hindi/sport-50013921
sport-50013921
Url is /hindi/entertainment-49603266
New Url
Url is /hindi/sport-49672443
New Url
Response https://www.bbc.com/hindi/sport-50037203
sport-50037203
Url is /hindi/sport-49094068
New Url
Url is /hindi/media-43307065
New Url
Url is /hindi/india-50024622
New Url
Response https://www.bbc.com/hindi/sport-50076122
sport-50076122
Url is /hindi/sport-50046823
New Url
Url is /hindi/sport-50037203
New Url
Response https://www.bbc.com/hindi/sport-50046823
sport-50046823
Url is /hindi/india-50042495
New Url
Url is /hindi/sport-37724795
New Url
Url is /hindi/sport-47491517
New Url
Response https://www.bbc.com/hindi/sport-50094500
sport-50094500
Url is /hindi/sport-48781591
New Url
Url is /hindi/sport-48884410
New Url
Response https://www.bbc.com/hindi/sport-50109022
sport-50109022
Url is /hindi/sport-50103111
New Url
Url is /hindi/sport-49950024
New Url
Response https://www.bbc.com/hindi/sport-50103111
sport-50103111
Url is /hindi/sport-50094500
New Url
Url is /hindi/sport-50076122
New Url
Url is /hindi/sport-50033280
New Url
Response https://www.bbc.com/hindi/india-50121533
india-50121533
Url is /hindi/india-50115946
New Url
Url is /hindi/india-50056915
New Url
Url is /hindi/science-50097238
New Url
Response https://www.bbc.com/hindi/sport-50110303
sport-50110303
Url is /hindi/sport-50046823
New Url
Url is /hindi/sport-50076122
New Url
Url is /hindi/sport-49094068
New Url
Response https://www.bbc.com/hindi/india-50115946
india-50115946
Url is /hindi/science-50097238
New Url
Url is /hindi/india-50056915
New Url
